DEB [20250227-23:41:44.910] thr=1   paramiko.transport: starting thread (client mode): 0x8aeba660
DEB [20250227-23:41:44.911] thr=1   paramiko.transport: Local version/idstring: SSH-2.0-paramiko_3.5.1
DEB [20250227-23:41:45.132] thr=1   paramiko.transport: Remote version/idstring: SSH-2.0-OpenSSH_9.6p1 Ubuntu-3ubuntu13.8
INF [20250227-23:41:45.133] thr=1   paramiko.transport: Connected (version 2.0, client OpenSSH_9.6p1)
DEB [20250227-23:41:45.426] thr=1   paramiko.transport: === Key exchange possibilities ===
DEB [20250227-23:41:45.426] thr=1   paramiko.transport: kex algos: sntrup761x25519-sha512@openssh.com, curve25519-sha256, curve25519-sha256@libssh.org, ecdh-sha2-nistp256, ecdh-sha2-nistp384, ecdh-sha2-nistp521, diffie-hellman-group-exchange-sha256, diffie-hellman-group16-sha512, diffie-hellman-group18-sha512, diffie-hellman-group14-sha256, ext-info-s, kex-strict-s-v00@openssh.com
DEB [20250227-23:41:45.428] thr=1   paramiko.transport: server key: rsa-sha2-512, rsa-sha2-256, ecdsa-sha2-nistp256, ssh-ed25519
DEB [20250227-23:41:45.428] thr=1   paramiko.transport: client encrypt: chacha20-poly1305@openssh.com, aes128-ctr, aes192-ctr, aes256-ctr, aes128-gcm@openssh.com, aes256-gcm@openssh.com
DEB [20250227-23:41:45.429] thr=1   paramiko.transport: server encrypt: chacha20-poly1305@openssh.com, aes128-ctr, aes192-ctr, aes256-ctr, aes128-gcm@openssh.com, aes256-gcm@openssh.com
DEB [20250227-23:41:45.429] thr=1   paramiko.transport: client mac: umac-64-etm@openssh.com, umac-128-etm@openssh.com, hmac-sha2-256-etm@openssh.com, hmac-sha2-512-etm@openssh.com, hmac-sha1-etm@openssh.com, umac-64@openssh.com, umac-128@openssh.com, hmac-sha2-256, hmac-sha2-512, hmac-sha1
DEB [20250227-23:41:45.430] thr=1   paramiko.transport: server mac: umac-64-etm@openssh.com, umac-128-etm@openssh.com, hmac-sha2-256-etm@openssh.com, hmac-sha2-512-etm@openssh.com, hmac-sha1-etm@openssh.com, umac-64@openssh.com, umac-128@openssh.com, hmac-sha2-256, hmac-sha2-512, hmac-sha1
DEB [20250227-23:41:45.431] thr=1   paramiko.transport: client compress: none, zlib@openssh.com
DEB [20250227-23:41:45.431] thr=1   paramiko.transport: server compress: none, zlib@openssh.com
DEB [20250227-23:41:45.432] thr=1   paramiko.transport: client lang: <none>
DEB [20250227-23:41:45.432] thr=1   paramiko.transport: server lang: <none>
DEB [20250227-23:41:45.433] thr=1   paramiko.transport: kex follows: False
DEB [20250227-23:41:45.433] thr=1   paramiko.transport: === Key exchange agreements ===
DEB [20250227-23:41:45.434] thr=1   paramiko.transport: Strict kex mode: True
DEB [20250227-23:41:45.434] thr=1   paramiko.transport: Kex: curve25519-sha256@libssh.org
DEB [20250227-23:41:45.434] thr=1   paramiko.transport: HostKey: ssh-ed25519
DEB [20250227-23:41:45.435] thr=1   paramiko.transport: Cipher: aes128-ctr
DEB [20250227-23:41:45.435] thr=1   paramiko.transport: MAC: hmac-sha2-256
DEB [20250227-23:41:45.435] thr=1   paramiko.transport: Compression: none
DEB [20250227-23:41:45.436] thr=1   paramiko.transport: === End of kex handshake ===
DEB [20250227-23:41:45.699] thr=1   paramiko.transport: Resetting outbound seqno after NEWKEYS due to strict mode
DEB [20250227-23:41:45.699] thr=1   paramiko.transport: kex engine KexCurve25519 specified hash_algo <built-in function openssl_sha256>
DEB [20250227-23:41:45.705] thr=1   paramiko.transport: Switch to new keys ...
DEB [20250227-23:41:45.706] thr=1   paramiko.transport: Resetting inbound seqno after NEWKEYS due to strict mode
DEB [20250227-23:41:45.707] thr=2   paramiko.transport: Adding ssh-ed25519 host key for 3.90.216.243: b'07d501cef8679d9e8ebfecb7cd276e7b'
DEB [20250227-23:41:45.707] thr=1   paramiko.transport: Got EXT_INFO: {'server-sig-algs': b'ssh-ed25519,ecdsa-sha2-nistp256,ecdsa-sha2-nistp384,ecdsa-sha2-nistp521,sk-ssh-ed25519@openssh.com,sk-ecdsa-sha2-nistp256@openssh.com,rsa-sha2-512,rsa-sha2-256', 'publickey-hostbound@openssh.com': b'0', 'ping@openssh.com': b'0'}
DEB [20250227-23:41:45.710] thr=2   paramiko.transport: Trying SSH key b'9f9cfebb1e737d2fc2e2848acc5a1161'
DEB [20250227-23:41:46.347] thr=1   paramiko.transport: userauth is OK
DEB [20250227-23:41:46.348] thr=1   paramiko.transport: Finalizing pubkey algorithm for key of type 'ssh-rsa'
DEB [20250227-23:41:46.348] thr=1   paramiko.transport: Our pubkey algorithm list: ['rsa-sha2-512', 'rsa-sha2-256', 'ssh-rsa']
DEB [20250227-23:41:46.349] thr=1   paramiko.transport: Server-side algorithm list: ['ssh-ed25519', 'ecdsa-sha2-nistp256', 'ecdsa-sha2-nistp384', 'ecdsa-sha2-nistp521', 'sk-ssh-ed25519@openssh.com', 'sk-ecdsa-sha2-nistp256@openssh.com', 'rsa-sha2-512', 'rsa-sha2-256']
DEB [20250227-23:41:46.350] thr=1   paramiko.transport: Agreed upon 'rsa-sha2-512' pubkey algorithm
INF [20250227-23:41:46.655] thr=1   paramiko.transport: Authentication (publickey) successful!
DEB [20250227-23:41:46.658] thr=2   paramiko.transport: [chan 0] Max packet in: 32768 bytes
DEB [20250227-23:41:47.577] thr=1   paramiko.transport: Received global request "hostkeys-00@openssh.com"
DEB [20250227-23:41:47.577] thr=1   paramiko.transport: Rejecting "hostkeys-00@openssh.com" global request from server.
DEB [20250227-23:41:47.578] thr=1   paramiko.transport: Debug msg: b'/home/ubuntu/.ssh/authorized_keys:1: key options: agent-forwarding port-forwarding pty user-rc x11-forwarding'
DEB [20250227-23:41:47.885] thr=1   paramiko.transport: [chan 0] Max packet out: 32768 bytes
DEB [20250227-23:41:47.886] thr=1   paramiko.transport: Secsh channel 0 opened.
DEB [20250227-23:41:48.191] thr=1   paramiko.transport: [chan 0] Sesch channel 0 request ok
INF [20250227-23:41:48.437] thr=2   paramiko.transport.sftp: [chan 0] Opened sftp connection (server version 3)
DEB [20250227-23:41:48.450] thr=2   paramiko.transport: [chan 1] Max packet in: 32768 bytes
DEB [20250227-23:41:48.703] thr=1   paramiko.transport: [chan 1] Max packet out: 32768 bytes
DEB [20250227-23:41:48.704] thr=1   paramiko.transport: Secsh channel 1 opened.
DEB [20250227-23:41:49.010] thr=1   paramiko.transport: [chan 1] Sesch channel 1 request ok
DEB [20250227-23:41:49.011] thr=1   paramiko.transport: [chan 1] EOF received (1)
DEB [20250227-23:41:49.011] thr=1   paramiko.transport: [chan 1] EOF sent (1)
DEB [20250227-23:41:49.992] thr=2   paramiko.transport.sftp: [chan 0] open(b'/tmp/main', 'wb')
INF [20250227-23:41:50.328] thr=2   paramiko.transport.sftp: [chan 0] sftp session closed.
DEB [20250227-23:41:50.329] thr=2   paramiko.transport: [chan 0] EOF sent (0)
DEB [20250227-23:41:50.331] thr=1   paramiko.transport: EOF in transport thread
DEB [20250227-23:47:28.061] thr=1   paramiko.transport: starting thread (client mode): 0xed6e660
DEB [20250227-23:47:28.062] thr=1   paramiko.transport: Local version/idstring: SSH-2.0-paramiko_3.5.1
DEB [20250227-23:47:28.368] thr=1   paramiko.transport: Remote version/idstring: SSH-2.0-OpenSSH_9.6p1 Ubuntu-3ubuntu13.8
INF [20250227-23:47:28.369] thr=1   paramiko.transport: Connected (version 2.0, client OpenSSH_9.6p1)
DEB [20250227-23:47:28.675] thr=1   paramiko.transport: === Key exchange possibilities ===
DEB [20250227-23:47:28.676] thr=1   paramiko.transport: kex algos: sntrup761x25519-sha512@openssh.com, curve25519-sha256, curve25519-sha256@libssh.org, ecdh-sha2-nistp256, ecdh-sha2-nistp384, ecdh-sha2-nistp521, diffie-hellman-group-exchange-sha256, diffie-hellman-group16-sha512, diffie-hellman-group18-sha512, diffie-hellman-group14-sha256, ext-info-s, kex-strict-s-v00@openssh.com
DEB [20250227-23:47:28.677] thr=1   paramiko.transport: server key: rsa-sha2-512, rsa-sha2-256, ecdsa-sha2-nistp256, ssh-ed25519
DEB [20250227-23:47:28.677] thr=1   paramiko.transport: client encrypt: chacha20-poly1305@openssh.com, aes128-ctr, aes192-ctr, aes256-ctr, aes128-gcm@openssh.com, aes256-gcm@openssh.com
DEB [20250227-23:47:28.678] thr=1   paramiko.transport: server encrypt: chacha20-poly1305@openssh.com, aes128-ctr, aes192-ctr, aes256-ctr, aes128-gcm@openssh.com, aes256-gcm@openssh.com
DEB [20250227-23:47:28.678] thr=1   paramiko.transport: client mac: umac-64-etm@openssh.com, umac-128-etm@openssh.com, hmac-sha2-256-etm@openssh.com, hmac-sha2-512-etm@openssh.com, hmac-sha1-etm@openssh.com, umac-64@openssh.com, umac-128@openssh.com, hmac-sha2-256, hmac-sha2-512, hmac-sha1
DEB [20250227-23:47:28.679] thr=1   paramiko.transport: server mac: umac-64-etm@openssh.com, umac-128-etm@openssh.com, hmac-sha2-256-etm@openssh.com, hmac-sha2-512-etm@openssh.com, hmac-sha1-etm@openssh.com, umac-64@openssh.com, umac-128@openssh.com, hmac-sha2-256, hmac-sha2-512, hmac-sha1
DEB [20250227-23:47:28.679] thr=1   paramiko.transport: client compress: none, zlib@openssh.com
DEB [20250227-23:47:28.680] thr=1   paramiko.transport: server compress: none, zlib@openssh.com
DEB [20250227-23:47:28.680] thr=1   paramiko.transport: client lang: <none>
DEB [20250227-23:47:28.680] thr=1   paramiko.transport: server lang: <none>
DEB [20250227-23:47:28.680] thr=1   paramiko.transport: kex follows: False
DEB [20250227-23:47:28.681] thr=1   paramiko.transport: === Key exchange agreements ===
DEB [20250227-23:47:28.681] thr=1   paramiko.transport: Strict kex mode: True
DEB [20250227-23:47:28.681] thr=1   paramiko.transport: Kex: curve25519-sha256@libssh.org
DEB [20250227-23:47:28.681] thr=1   paramiko.transport: HostKey: ssh-ed25519
DEB [20250227-23:47:28.682] thr=1   paramiko.transport: Cipher: aes128-ctr
DEB [20250227-23:47:28.682] thr=1   paramiko.transport: MAC: hmac-sha2-256
DEB [20250227-23:47:28.682] thr=1   paramiko.transport: Compression: none
DEB [20250227-23:47:28.682] thr=1   paramiko.transport: === End of kex handshake ===
DEB [20250227-23:47:28.984] thr=1   paramiko.transport: Resetting outbound seqno after NEWKEYS due to strict mode
DEB [20250227-23:47:28.985] thr=1   paramiko.transport: kex engine KexCurve25519 specified hash_algo <built-in function openssl_sha256>
DEB [20250227-23:47:28.987] thr=1   paramiko.transport: Switch to new keys ...
DEB [20250227-23:47:28.987] thr=1   paramiko.transport: Resetting inbound seqno after NEWKEYS due to strict mode
DEB [20250227-23:47:28.988] thr=2   paramiko.transport: Adding ssh-ed25519 host key for 3.90.216.243: b'07d501cef8679d9e8ebfecb7cd276e7b'
DEB [20250227-23:47:28.989] thr=1   paramiko.transport: Got EXT_INFO: {'server-sig-algs': b'ssh-ed25519,ecdsa-sha2-nistp256,ecdsa-sha2-nistp384,ecdsa-sha2-nistp521,sk-ssh-ed25519@openssh.com,sk-ecdsa-sha2-nistp256@openssh.com,rsa-sha2-512,rsa-sha2-256', 'publickey-hostbound@openssh.com': b'0', 'ping@openssh.com': b'0'}
DEB [20250227-23:47:28.989] thr=2   paramiko.transport: Trying SSH key b'9f9cfebb1e737d2fc2e2848acc5a1161'
DEB [20250227-23:47:29.596] thr=1   paramiko.transport: userauth is OK
DEB [20250227-23:47:29.597] thr=1   paramiko.transport: Finalizing pubkey algorithm for key of type 'ssh-rsa'
DEB [20250227-23:47:29.597] thr=1   paramiko.transport: Our pubkey algorithm list: ['rsa-sha2-512', 'rsa-sha2-256', 'ssh-rsa']
DEB [20250227-23:47:29.598] thr=1   paramiko.transport: Server-side algorithm list: ['ssh-ed25519', 'ecdsa-sha2-nistp256', 'ecdsa-sha2-nistp384', 'ecdsa-sha2-nistp521', 'sk-ssh-ed25519@openssh.com', 'sk-ecdsa-sha2-nistp256@openssh.com', 'rsa-sha2-512', 'rsa-sha2-256']
DEB [20250227-23:47:29.598] thr=1   paramiko.transport: Agreed upon 'rsa-sha2-512' pubkey algorithm
INF [20250227-23:47:29.904] thr=1   paramiko.transport: Authentication (publickey) successful!
DEB [20250227-23:47:29.906] thr=2   paramiko.transport: [chan 0] Max packet in: 32768 bytes
DEB [20250227-23:47:30.234] thr=1   paramiko.transport: Received global request "hostkeys-00@openssh.com"
DEB [20250227-23:47:30.235] thr=1   paramiko.transport: Rejecting "hostkeys-00@openssh.com" global request from server.
DEB [20250227-23:47:30.236] thr=1   paramiko.transport: Debug msg: b'/home/ubuntu/.ssh/authorized_keys:1: key options: agent-forwarding port-forwarding pty user-rc x11-forwarding'
DEB [20250227-23:47:30.622] thr=1   paramiko.transport: [chan 0] Max packet out: 32768 bytes
DEB [20250227-23:47:30.623] thr=1   paramiko.transport: Secsh channel 0 opened.
DEB [20250227-23:47:30.928] thr=1   paramiko.transport: [chan 0] Sesch channel 0 request ok
INF [20250227-23:47:31.235] thr=2   paramiko.transport.sftp: [chan 0] Opened sftp connection (server version 3)
DEB [20250227-23:47:31.244] thr=2   paramiko.transport: [chan 1] Max packet in: 32768 bytes
DEB [20250227-23:47:31.542] thr=1   paramiko.transport: [chan 1] Max packet out: 32768 bytes
DEB [20250227-23:47:31.543] thr=1   paramiko.transport: Secsh channel 1 opened.
DEB [20250227-23:47:31.778] thr=1   paramiko.transport: [chan 1] Sesch channel 1 request ok
DEB [20250227-23:47:31.782] thr=1   paramiko.transport: [chan 1] EOF received (1)
DEB [20250227-23:47:31.788] thr=2   paramiko.transport: [chan 2] Max packet in: 32768 bytes
DEB [20250227-23:47:31.789] thr=1   paramiko.transport: [chan 1] EOF sent (1)
DEB [20250227-23:47:32.054] thr=1   paramiko.transport: [chan 2] Max packet out: 32768 bytes
DEB [20250227-23:47:32.054] thr=1   paramiko.transport: Secsh channel 2 opened.
DEB [20250227-23:47:32.771] thr=1   paramiko.transport: [chan 2] Sesch channel 2 request ok
DEB [20250227-23:47:32.772] thr=1   paramiko.transport: [chan 2] EOF received (2)
DEB [20250227-23:47:32.773] thr=1   paramiko.transport: [chan 2] EOF sent (2)
DEB [20250227-23:47:32.773] thr=2   paramiko.transport: [chan 3] Max packet in: 32768 bytes
DEB [20250227-23:47:33.385] thr=1   paramiko.transport: [chan 3] Max packet out: 32768 bytes
DEB [20250227-23:47:33.386] thr=1   paramiko.transport: Secsh channel 3 opened.
DEB [20250227-23:47:33.692] thr=1   paramiko.transport: [chan 3] Sesch channel 3 request ok
DEB [20250227-23:47:33.693] thr=1   paramiko.transport: [chan 3] EOF received (3)
DEB [20250227-23:47:33.694] thr=1   paramiko.transport: [chan 3] EOF sent (3)
DEB [20250227-23:47:34.661] thr=2   paramiko.transport.sftp: [chan 0] open(b'/tmp/vercel.diy', 'wb')
DEB [20250227-23:47:34.894] thr=2   paramiko.transport.sftp: [chan 0] open(b'/tmp/vercel.diy', 'wb') -> 00000000
DEB [20250227-23:47:36.279] thr=2   paramiko.transport.sftp: [chan 0] close(00000000)
DEB [20250227-23:47:36.867] thr=2   paramiko.transport.sftp: [chan 0] stat(b'/tmp/vercel.diy')
INF [20250227-23:47:37.177] thr=2   paramiko.transport.sftp: [chan 0] sftp session closed.
DEB [20250227-23:47:37.178] thr=2   paramiko.transport: [chan 0] EOF sent (0)
DEB [20250227-23:47:37.179] thr=1   paramiko.transport: EOF in transport thread
DEB [20250227-23:50:32.913] thr=3   paramiko.transport: starting thread (client mode): 0xedfa350
DEB [20250227-23:50:32.914] thr=3   paramiko.transport: Local version/idstring: SSH-2.0-paramiko_3.5.1
DEB [20250227-23:50:33.202] thr=3   paramiko.transport: Remote version/idstring: SSH-2.0-OpenSSH_9.6p1 Ubuntu-3ubuntu13.8
INF [20250227-23:50:33.202] thr=3   paramiko.transport: Connected (version 2.0, client OpenSSH_9.6p1)
DEB [20250227-23:50:33.509] thr=3   paramiko.transport: === Key exchange possibilities ===
DEB [20250227-23:50:33.510] thr=3   paramiko.transport: kex algos: sntrup761x25519-sha512@openssh.com, curve25519-sha256, curve25519-sha256@libssh.org, ecdh-sha2-nistp256, ecdh-sha2-nistp384, ecdh-sha2-nistp521, diffie-hellman-group-exchange-sha256, diffie-hellman-group16-sha512, diffie-hellman-group18-sha512, diffie-hellman-group14-sha256, ext-info-s, kex-strict-s-v00@openssh.com
DEB [20250227-23:50:33.511] thr=3   paramiko.transport: server key: rsa-sha2-512, rsa-sha2-256, ecdsa-sha2-nistp256, ssh-ed25519
DEB [20250227-23:50:33.512] thr=3   paramiko.transport: client encrypt: chacha20-poly1305@openssh.com, aes128-ctr, aes192-ctr, aes256-ctr, aes128-gcm@openssh.com, aes256-gcm@openssh.com
DEB [20250227-23:50:33.513] thr=3   paramiko.transport: server encrypt: chacha20-poly1305@openssh.com, aes128-ctr, aes192-ctr, aes256-ctr, aes128-gcm@openssh.com, aes256-gcm@openssh.com
DEB [20250227-23:50:33.514] thr=3   paramiko.transport: client mac: umac-64-etm@openssh.com, umac-128-etm@openssh.com, hmac-sha2-256-etm@openssh.com, hmac-sha2-512-etm@openssh.com, hmac-sha1-etm@openssh.com, umac-64@openssh.com, umac-128@openssh.com, hmac-sha2-256, hmac-sha2-512, hmac-sha1
DEB [20250227-23:50:33.515] thr=3   paramiko.transport: server mac: umac-64-etm@openssh.com, umac-128-etm@openssh.com, hmac-sha2-256-etm@openssh.com, hmac-sha2-512-etm@openssh.com, hmac-sha1-etm@openssh.com, umac-64@openssh.com, umac-128@openssh.com, hmac-sha2-256, hmac-sha2-512, hmac-sha1
DEB [20250227-23:50:33.515] thr=3   paramiko.transport: client compress: none, zlib@openssh.com
DEB [20250227-23:50:33.516] thr=3   paramiko.transport: server compress: none, zlib@openssh.com
DEB [20250227-23:50:33.516] thr=3   paramiko.transport: client lang: <none>
DEB [20250227-23:50:33.517] thr=3   paramiko.transport: server lang: <none>
DEB [20250227-23:50:33.517] thr=3   paramiko.transport: kex follows: False
DEB [20250227-23:50:33.518] thr=3   paramiko.transport: === Key exchange agreements ===
DEB [20250227-23:50:33.518] thr=3   paramiko.transport: Strict kex mode: True
DEB [20250227-23:50:33.518] thr=3   paramiko.transport: Kex: curve25519-sha256@libssh.org
DEB [20250227-23:50:33.519] thr=3   paramiko.transport: HostKey: ssh-ed25519
DEB [20250227-23:50:33.519] thr=3   paramiko.transport: Cipher: aes128-ctr
DEB [20250227-23:50:33.519] thr=3   paramiko.transport: MAC: hmac-sha2-256
DEB [20250227-23:50:33.520] thr=3   paramiko.transport: Compression: none
DEB [20250227-23:50:33.520] thr=3   paramiko.transport: === End of kex handshake ===
DEB [20250227-23:50:33.817] thr=3   paramiko.transport: Resetting outbound seqno after NEWKEYS due to strict mode
DEB [20250227-23:50:33.818] thr=3   paramiko.transport: kex engine KexCurve25519 specified hash_algo <built-in function openssl_sha256>
DEB [20250227-23:50:33.819] thr=3   paramiko.transport: Switch to new keys ...
DEB [20250227-23:50:33.821] thr=3   paramiko.transport: Resetting inbound seqno after NEWKEYS due to strict mode
DEB [20250227-23:50:33.822] thr=4   paramiko.transport: Adding ssh-ed25519 host key for 3.90.216.243: b'07d501cef8679d9e8ebfecb7cd276e7b'
DEB [20250227-23:50:33.822] thr=3   paramiko.transport: Got EXT_INFO: {'server-sig-algs': b'ssh-ed25519,ecdsa-sha2-nistp256,ecdsa-sha2-nistp384,ecdsa-sha2-nistp521,sk-ssh-ed25519@openssh.com,sk-ecdsa-sha2-nistp256@openssh.com,rsa-sha2-512,rsa-sha2-256', 'publickey-hostbound@openssh.com': b'0', 'ping@openssh.com': b'0'}
DEB [20250227-23:50:33.823] thr=4   paramiko.transport: Trying SSH key b'9f9cfebb1e737d2fc2e2848acc5a1161'
DEB [20250227-23:50:34.431] thr=3   paramiko.transport: userauth is OK
DEB [20250227-23:50:34.431] thr=3   paramiko.transport: Finalizing pubkey algorithm for key of type 'ssh-rsa'
DEB [20250227-23:50:34.432] thr=3   paramiko.transport: Our pubkey algorithm list: ['rsa-sha2-512', 'rsa-sha2-256', 'ssh-rsa']
DEB [20250227-23:50:34.433] thr=3   paramiko.transport: Server-side algorithm list: ['ssh-ed25519', 'ecdsa-sha2-nistp256', 'ecdsa-sha2-nistp384', 'ecdsa-sha2-nistp521', 'sk-ssh-ed25519@openssh.com', 'sk-ecdsa-sha2-nistp256@openssh.com', 'rsa-sha2-512', 'rsa-sha2-256']
DEB [20250227-23:50:34.434] thr=3   paramiko.transport: Agreed upon 'rsa-sha2-512' pubkey algorithm
INF [20250227-23:50:34.738] thr=3   paramiko.transport: Authentication (publickey) successful!
DEB [20250227-23:50:34.739] thr=4   paramiko.transport: [chan 0] Max packet in: 32768 bytes
DEB [20250227-23:50:35.071] thr=3   paramiko.transport: Received global request "hostkeys-00@openssh.com"
DEB [20250227-23:50:35.072] thr=3   paramiko.transport: Rejecting "hostkeys-00@openssh.com" global request from server.
DEB [20250227-23:50:35.073] thr=3   paramiko.transport: Debug msg: b'/home/ubuntu/.ssh/authorized_keys:1: key options: agent-forwarding port-forwarding pty user-rc x11-forwarding'
DEB [20250227-23:50:35.558] thr=3   paramiko.transport: [chan 0] Max packet out: 32768 bytes
DEB [20250227-23:50:35.559] thr=3   paramiko.transport: Secsh channel 0 opened.
DEB [20250227-23:50:35.823] thr=3   paramiko.transport: [chan 0] Sesch channel 0 request ok
INF [20250227-23:50:36.063] thr=4   paramiko.transport.sftp: [chan 0] Opened sftp connection (server version 3)
DEB [20250227-23:50:36.071] thr=4   paramiko.transport: [chan 1] Max packet in: 32768 bytes
DEB [20250227-23:50:36.376] thr=3   paramiko.transport: [chan 1] Max packet out: 32768 bytes
DEB [20250227-23:50:36.376] thr=3   paramiko.transport: Secsh channel 1 opened.
DEB [20250227-23:50:36.684] thr=3   paramiko.transport: [chan 1] Sesch channel 1 request ok
DEB [20250227-23:50:36.686] thr=3   paramiko.transport: [chan 1] EOF received (1)
DEB [20250227-23:50:36.690] thr=4   paramiko.transport: [chan 2] Max packet in: 32768 bytes
DEB [20250227-23:50:36.692] thr=3   paramiko.transport: [chan 1] EOF sent (1)
DEB [20250227-23:50:36.981] thr=3   paramiko.transport: [chan 2] Max packet out: 32768 bytes
DEB [20250227-23:50:36.982] thr=3   paramiko.transport: Secsh channel 2 opened.
DEB [20250227-23:50:37.605] thr=3   paramiko.transport: [chan 2] Sesch channel 2 request ok
DEB [20250227-23:50:37.605] thr=3   paramiko.transport: [chan 2] EOF received (2)
DEB [20250227-23:50:37.606] thr=3   paramiko.transport: [chan 2] EOF sent (2)
DEB [20250227-23:50:37.607] thr=4   paramiko.transport: [chan 3] Max packet in: 32768 bytes
DEB [20250227-23:50:38.219] thr=3   paramiko.transport: [chan 3] Max packet out: 32768 bytes
DEB [20250227-23:50:38.220] thr=3   paramiko.transport: Secsh channel 3 opened.
DEB [20250227-23:50:38.464] thr=3   paramiko.transport: [chan 3] Sesch channel 3 request ok
DEB [20250227-23:50:38.467] thr=3   paramiko.transport: [chan 3] EOF received (3)
DEB [20250227-23:50:38.468] thr=3   paramiko.transport: [chan 3] EOF sent (3)
DEB [20250227-23:50:39.393] thr=4   paramiko.transport.sftp: [chan 0] open(b'/tmp/vercel.diy.git', 'wb')
DEB [20250227-23:50:39.657] thr=4   paramiko.transport.sftp: [chan 0] open(b'/tmp/vercel.diy.git', 'wb') -> 00000000
DEB [20250227-23:50:41.175] thr=4   paramiko.transport.sftp: [chan 0] close(00000000)
DEB [20250227-23:50:41.701] thr=4   paramiko.transport.sftp: [chan 0] stat(b'/tmp/vercel.diy.git')
INF [20250227-23:50:42.011] thr=4   paramiko.transport.sftp: [chan 0] sftp session closed.
DEB [20250227-23:50:42.011] thr=4   paramiko.transport: [chan 0] EOF sent (0)
DEB [20250227-23:50:42.012] thr=3   paramiko.transport: EOF in transport thread
DEB [20250227-23:56:04.746] thr=1   paramiko.transport: starting thread (client mode): 0x979de660
DEB [20250227-23:56:04.747] thr=1   paramiko.transport: Local version/idstring: SSH-2.0-paramiko_3.5.1
DEB [20250227-23:56:05.011] thr=1   paramiko.transport: Remote version/idstring: SSH-2.0-OpenSSH_9.6p1 Ubuntu-3ubuntu13.8
INF [20250227-23:56:05.012] thr=1   paramiko.transport: Connected (version 2.0, client OpenSSH_9.6p1)
DEB [20250227-23:56:05.267] thr=1   paramiko.transport: === Key exchange possibilities ===
DEB [20250227-23:56:05.268] thr=1   paramiko.transport: kex algos: sntrup761x25519-sha512@openssh.com, curve25519-sha256, curve25519-sha256@libssh.org, ecdh-sha2-nistp256, ecdh-sha2-nistp384, ecdh-sha2-nistp521, diffie-hellman-group-exchange-sha256, diffie-hellman-group16-sha512, diffie-hellman-group18-sha512, diffie-hellman-group14-sha256, ext-info-s, kex-strict-s-v00@openssh.com
DEB [20250227-23:56:05.268] thr=1   paramiko.transport: server key: rsa-sha2-512, rsa-sha2-256, ecdsa-sha2-nistp256, ssh-ed25519
DEB [20250227-23:56:05.269] thr=1   paramiko.transport: client encrypt: chacha20-poly1305@openssh.com, aes128-ctr, aes192-ctr, aes256-ctr, aes128-gcm@openssh.com, aes256-gcm@openssh.com
DEB [20250227-23:56:05.269] thr=1   paramiko.transport: server encrypt: chacha20-poly1305@openssh.com, aes128-ctr, aes192-ctr, aes256-ctr, aes128-gcm@openssh.com, aes256-gcm@openssh.com
DEB [20250227-23:56:05.270] thr=1   paramiko.transport: client mac: umac-64-etm@openssh.com, umac-128-etm@openssh.com, hmac-sha2-256-etm@openssh.com, hmac-sha2-512-etm@openssh.com, hmac-sha1-etm@openssh.com, umac-64@openssh.com, umac-128@openssh.com, hmac-sha2-256, hmac-sha2-512, hmac-sha1
DEB [20250227-23:56:05.270] thr=1   paramiko.transport: server mac: umac-64-etm@openssh.com, umac-128-etm@openssh.com, hmac-sha2-256-etm@openssh.com, hmac-sha2-512-etm@openssh.com, hmac-sha1-etm@openssh.com, umac-64@openssh.com, umac-128@openssh.com, hmac-sha2-256, hmac-sha2-512, hmac-sha1
DEB [20250227-23:56:05.270] thr=1   paramiko.transport: client compress: none, zlib@openssh.com
DEB [20250227-23:56:05.271] thr=1   paramiko.transport: server compress: none, zlib@openssh.com
DEB [20250227-23:56:05.271] thr=1   paramiko.transport: client lang: <none>
DEB [20250227-23:56:05.271] thr=1   paramiko.transport: server lang: <none>
DEB [20250227-23:56:05.271] thr=1   paramiko.transport: kex follows: False
DEB [20250227-23:56:05.272] thr=1   paramiko.transport: === Key exchange agreements ===
DEB [20250227-23:56:05.272] thr=1   paramiko.transport: Strict kex mode: True
DEB [20250227-23:56:05.273] thr=1   paramiko.transport: Kex: curve25519-sha256@libssh.org
DEB [20250227-23:56:05.273] thr=1   paramiko.transport: HostKey: ssh-ed25519
DEB [20250227-23:56:05.273] thr=1   paramiko.transport: Cipher: aes128-ctr
DEB [20250227-23:56:05.273] thr=1   paramiko.transport: MAC: hmac-sha2-256
DEB [20250227-23:56:05.274] thr=1   paramiko.transport: Compression: none
DEB [20250227-23:56:05.274] thr=1   paramiko.transport: === End of kex handshake ===
DEB [20250227-23:56:05.544] thr=1   paramiko.transport: Resetting outbound seqno after NEWKEYS due to strict mode
DEB [20250227-23:56:05.544] thr=1   paramiko.transport: kex engine KexCurve25519 specified hash_algo <built-in function openssl_sha256>
DEB [20250227-23:56:05.545] thr=1   paramiko.transport: Switch to new keys ...
DEB [20250227-23:56:05.546] thr=1   paramiko.transport: Resetting inbound seqno after NEWKEYS due to strict mode
DEB [20250227-23:56:05.546] thr=1   paramiko.transport: Got EXT_INFO: {'server-sig-algs': b'ssh-ed25519,ecdsa-sha2-nistp256,ecdsa-sha2-nistp384,ecdsa-sha2-nistp521,sk-ssh-ed25519@openssh.com,sk-ecdsa-sha2-nistp256@openssh.com,rsa-sha2-512,rsa-sha2-256', 'publickey-hostbound@openssh.com': b'0', 'ping@openssh.com': b'0'}
DEB [20250227-23:56:05.546] thr=2   paramiko.transport: Adding ssh-ed25519 host key for 3.90.216.243: b'07d501cef8679d9e8ebfecb7cd276e7b'
DEB [20250227-23:56:05.547] thr=2   paramiko.transport: Trying SSH key b'9f9cfebb1e737d2fc2e2848acc5a1161'
DEB [20250227-23:56:06.061] thr=1   paramiko.transport: userauth is OK
DEB [20250227-23:56:06.062] thr=1   paramiko.transport: Finalizing pubkey algorithm for key of type 'ssh-rsa'
DEB [20250227-23:56:06.063] thr=1   paramiko.transport: Our pubkey algorithm list: ['rsa-sha2-512', 'rsa-sha2-256', 'ssh-rsa']
DEB [20250227-23:56:06.063] thr=1   paramiko.transport: Server-side algorithm list: ['ssh-ed25519', 'ecdsa-sha2-nistp256', 'ecdsa-sha2-nistp384', 'ecdsa-sha2-nistp521', 'sk-ssh-ed25519@openssh.com', 'sk-ecdsa-sha2-nistp256@openssh.com', 'rsa-sha2-512', 'rsa-sha2-256']
DEB [20250227-23:56:06.064] thr=1   paramiko.transport: Agreed upon 'rsa-sha2-512' pubkey algorithm
INF [20250227-23:56:06.313] thr=1   paramiko.transport: Authentication (publickey) successful!
DEB [20250227-23:56:06.315] thr=2   paramiko.transport: [chan 0] Max packet in: 32768 bytes
DEB [20250227-23:56:06.696] thr=1   paramiko.transport: Received global request "hostkeys-00@openssh.com"
DEB [20250227-23:56:06.697] thr=1   paramiko.transport: Rejecting "hostkeys-00@openssh.com" global request from server.
DEB [20250227-23:56:06.698] thr=1   paramiko.transport: Debug msg: b'/home/ubuntu/.ssh/authorized_keys:1: key options: agent-forwarding port-forwarding pty user-rc x11-forwarding'
DEB [20250227-23:56:07.030] thr=1   paramiko.transport: [chan 0] Max packet out: 32768 bytes
DEB [20250227-23:56:07.030] thr=1   paramiko.transport: Secsh channel 0 opened.
DEB [20250227-23:56:07.271] thr=1   paramiko.transport: [chan 0] Sesch channel 0 request ok
INF [20250227-23:56:07.545] thr=2   paramiko.transport.sftp: [chan 0] Opened sftp connection (server version 3)
DEB [20250227-23:56:07.550] thr=2   paramiko.transport: [chan 1] Max packet in: 32768 bytes
DEB [20250227-23:56:07.852] thr=1   paramiko.transport: [chan 1] Max packet out: 32768 bytes
DEB [20250227-23:56:07.853] thr=1   paramiko.transport: Secsh channel 1 opened.
DEB [20250227-23:56:08.158] thr=1   paramiko.transport: [chan 1] Sesch channel 1 request ok
DEB [20250227-23:56:08.159] thr=1   paramiko.transport: [chan 1] EOF received (1)
DEB [20250227-23:56:08.162] thr=2   paramiko.transport: [chan 2] Max packet in: 32768 bytes
DEB [20250227-23:56:08.163] thr=1   paramiko.transport: [chan 1] EOF sent (1)
DEB [20250227-23:56:08.396] thr=1   paramiko.transport: [chan 2] Max packet out: 32768 bytes
DEB [20250227-23:56:08.397] thr=1   paramiko.transport: Secsh channel 2 opened.
DEB [20250227-23:56:08.904] thr=1   paramiko.transport: [chan 2] Sesch channel 2 request ok
DEB [20250227-23:56:08.910] thr=1   paramiko.transport: [chan 2] EOF received (2)
DEB [20250227-23:56:08.911] thr=1   paramiko.transport: [chan 2] EOF sent (2)
DEB [20250227-23:56:08.912] thr=2   paramiko.transport: [chan 3] Max packet in: 32768 bytes
DEB [20250227-23:56:09.424] thr=1   paramiko.transport: [chan 3] Max packet out: 32768 bytes
DEB [20250227-23:56:09.425] thr=1   paramiko.transport: Secsh channel 3 opened.
DEB [20250227-23:56:09.662] thr=1   paramiko.transport: [chan 3] Sesch channel 3 request ok
DEB [20250227-23:56:09.666] thr=1   paramiko.transport: [chan 3] EOF received (3)
DEB [20250227-23:56:09.667] thr=1   paramiko.transport: [chan 3] EOF sent (3)
DEB [20250227-23:56:09.681] thr=2   paramiko.transport.sftp: [chan 0] open(b'/tmp/readme.md', 'wb')
DEB [20250227-23:56:10.206] thr=2   paramiko.transport.sftp: [chan 0] open(b'/tmp/readme.md', 'wb') -> 00000000
DEB [20250227-23:56:10.207] thr=2   paramiko.transport.sftp: [chan 0] close(00000000)
DEB [20250227-23:56:10.717] thr=2   paramiko.transport.sftp: [chan 0] stat(b'/tmp/readme.md')
INF [20250227-23:56:11.026] thr=2   paramiko.transport.sftp: [chan 0] sftp session closed.
DEB [20250227-23:56:11.026] thr=2   paramiko.transport: [chan 0] EOF sent (0)
DEB [20250227-23:56:11.027] thr=1   paramiko.transport: EOF in transport thread
